#
# A fatal error has been detected by the Java Runtime Environment:
#
#  EXCEPTION_IN_PAGE_ERROR (0xc0000006) at pc=0x00000000611d35ea, pid=9680, tid=0x0000000000003058
#
# JRE version: OpenJDK Runtime Environment (8.0_242-b01) (build 1.8.0_242-release-1644-b01)
# Java VM: OpenJDK 64-Bit Server VM (25.242-b01 mixed mode windows-amd64 compressed oops)
# Problematic frame:
# V  [jvm.dll+0xe35ea]
#
# Failed to write core dump. Minidumps are not enabled by default on client versions of Windows
#
# If you would like to submit a bug report, please visit:
#   
#

---------------  T H R E A D  ---------------

Current thread (0x000000002161d000):  JavaThread "Daemon worker Thread 3" [_thread_in_vm, id=12376, stack(0x000000001bfe0000,0x000000001c0e0000)]

siginfo: ExceptionCode=0xc0000006, ExceptionInformation=0x0000000000000000 0x000000001fa01880 0x00000000c0000483 

Registers:
RAX=0x000000010042ce50, RBX=0x00000000a09f8778, RCX=0x000000010042ce50, RDX=0x0000000000000000
RSP=0x000000001c0d8748, RBP=0x0000000000000000, RSI=0x0000000022c21960, RDI=0x000000010042ce50
R8 =0x000000002161d000, R9 =0x000000001c0d8858, R10=0x000000001fa01880, R11=0x0000000000000000
R12=0x000000002161d000, R13=0x0000000000000000, R14=0x000000001c0d8801, R15=0x000000002161d000
RIP=0x00000000611d35ea, EFLAGS=0x0000000000010202

Top of Stack: (sp=0x000000001c0d8748)
0x000000001c0d8748:   00000000612f131e 00000000a09f8778
0x000000001c0d8758:   000000002161d000 000000002161d000
0x000000001c0d8768:   00000000612580ed 000000001c0d87d0
0x000000001c0d8778:   00000000e23ac950 00000000a0a1b478
0x000000001c0d8788:   000000001ca40090 00000000e1f0f848
0x000000001c0d8798:   00000000a09df510 00000000a00f4d90
0x000000001c0d87a8:   00000000a03345e0 0000000000000f38
0x000000001c0d87b8:   000000001c0d8810 000000001c0d8880
0x000000001c0d87c8:   000000002161d1e0 000000001c0d8858
0x000000001c0d87d8:   000000002161d000 000000001c0d8850
0x000000001c0d87e8:   0000000061257fb2 0000000022c21958
0x000000001c0d87f8:   0000000022c21958 00000000a09f8778
0x000000001c0d8808:   000000006120e6bf 00000000e1f0f848
0x000000001c0d8818:   0000000000000000 0000000000000118
0x000000001c0d8828:   000000000376c6ac 0000000000000f39
0x000000001c0d8838:   000000001c0d8890 00000000e23aca30 

Instructions: (pc=0x00000000611d35ea)
0x00000000611d35ca:   8b 7c 24 48 48 83 c4 20 41 5c c3 cc cc cc cc cc
0x00000000611d35da:   cc cc cc cc cc cc 4c 8b 91 70 01 00 00 4c 63 da
0x00000000611d35ea:   45 8b 0a 45 3b d9 7d 18 4b 8b 44 da 08 48 85 c0
0x00000000611d35fa:   74 0e 48 8b 48 08 44 0f b7 41 26 45 3b c3 74 33 


Register to memory mapping:

RAX=0x000000010042ce50 is pointing into metadata
RBX=0x00000000a09f8778 is an oop
java.lang.reflect.Constructor 
 - klass: 'java/lang/reflect/Constructor'
RCX=0x000000010042ce50 is pointing into metadata
RDX=0x0000000000000000 is an unknown value
RSP=0x000000001c0d8748 is pointing into the stack for thread: 0x000000002161d000
RBP=0x0000000000000000 is an unknown value
RSI=0x0000000022c21960 is an unknown value
RDI=0x000000010042ce50 is pointing into metadata
R8 =0x000000002161d000 is a thread
R9 =0x000000001c0d8858 is pointing into the stack for thread: 0x000000002161d000
R10=0x000000001fa01880 is pointing into metadata
R11=0x0000000000000000 is an unknown value
R12=0x000000002161d000 is a thread
R13=0x0000000000000000 is an unknown value
R14=0x000000001c0d8801 is pointing into the stack for thread: 0x000000002161d000
R15=0x000000002161d000 is a thread


Stack: [0x000000001bfe0000,0x000000001c0e0000],  sp=0x000000001c0d8748,  free space=993k
Native frames: (J=compiled Java code, j=interpreted, Vv=VM code, C=native code)

Java frames: (J=compiled Java code, j=interpreted, Vv=VM code)
J 2187  sun.reflect.NativeConstructorAccessorImpl.newInstance0(Ljava/lang/reflect/Constructor;[Ljava/lang/Object;)Ljava/lang/Object; (0 bytes) @ 0x000000000376c626 [0x000000000376c5c0+0x66]
J 2186 C1 sun.reflect.NativeConstructorAccessorImpl.newInstance([Ljava/lang/Object;)Ljava/lang/Object; (89 bytes) @ 0x000000000376b954 [0x000000000376a900+0x1054]
J 10936 C2 org.gradle.internal.instantiation.generator.AbstractClassGenerator$GeneratedClassImpl$GeneratedConstructorImpl.newInstance(Lorg/gradle/internal/service/ServiceLookup;Lorg/gradle/internal/instantiation/InstanceGenerator;Lorg/gradle/api/Describable;[Ljava/lang/Object;)Ljava/lang/Object; (15 bytes) @ 0x0000000003f4d7cc [0x0000000003f4d500+0x2cc]
J 13315 C2 org.gradle.internal.instantiation.generator.DependencyInjectingInstantiator.doCreate(Ljava/lang/Class;Lorg/gradle/api/Describable;[Ljava/lang/Object;)Ljava/lang/Object; (64 bytes) @ 0x0000000003e71474 [0x0000000003e70fc0+0x4b4]
J 9367 C2 org.gradle.internal.instantiation.generator.DependencyInjectingInstantiator.newInstance(Ljava/lang/Class;[Ljava/lang/Object;)Ljava/lang/Object; (8 bytes) @ 0x0000000004aca458 [0x0000000004aca420+0x38]
j  org.gradle.api.internal.artifacts.DefaultDependencyManagementServices$DependencyResolutionScopeServices.createDependencyHandler(Lorg/gradle/internal/reflect/Instantiator;Lorg/gradle/api/internal/artifacts/configurations/ConfigurationContainerInternal;Lorg/gradle/api/internal/artifacts/dsl/dependencies/DependencyFactory;Lorg/gradle/api/internal/artifacts/dsl/dependencies/ProjectFinder;Lorg/gradle/api/artifacts/dsl/DependencyConstraintHandler;Lorg/gradle/api/artifacts/dsl/ComponentMetadataHandler;Lorg/gradle/api/artifacts/dsl/ComponentModuleMetadataHandler;Lorg/gradle/api/internal/artifacts/query/ArtifactResolutionQueryFactory;Lorg/gradle/api/attributes/AttributesSchema;Lorg/gradle/api/internal/artifacts/VariantTransformRegistry;Lorg/gradle/api/internal/artifacts/type/ArtifactTypeRegistry;Lorg/gradle/api/internal/model/NamedObjectInstantiator;Lorg/gradle/api/internal/artifacts/dsl/dependencies/PlatformSupport;)Lorg/gradle/api/artifacts/dsl/DependencyHandler;+72
v  ~StubRoutines::call_stub
J 1707  sun.reflect.NativeMethodAccessorImpl.invoke0(Ljava/lang/reflect/Method;Ljava/lang/Object;[Ljava/lang/Object;)Ljava/lang/Object; (0 bytes) @ 0x000000000326a07f [0x000000000326a000+0x7f]
J 1706 C1 sun.reflect.NativeMethodAccessorImpl.invoke(Ljava/lang/Object;[Ljava/lang/Object;)Ljava/lang/Object; (104 bytes) @ 0x0000000003274b64 [0x00000000032739c0+0x11a4]
J 8166 C2 java.lang.reflect.Method.invoke(Ljava/lang/Object;[Ljava/lang/Object;)Ljava/lang/Object; (62 bytes) @ 0x000000000490f674 [0x000000000490f5c0+0xb4]
J 1912 C1 org.gradle.internal.reflect.JavaMethod.invoke(Ljava/lang/Object;[Ljava/lang/Object;)Ljava/lang/Object; (74 bytes) @ 0x000000000332f0fc [0x000000000332efe0+0x11c]
J 2734 C1 org.gradle.internal.service.ReflectionBasedServiceMethod.invoke(Ljava/lang/Object;[Ljava/lang/Object;)Ljava/lang/Object; (16 bytes) @ 0x0000000003a3f0d4 [0x0000000003a3f040+0x94]
J 1920 C1 org.gradle.internal.service.DefaultServiceRegistry$FactoryMethodService.invokeMethod([Ljava/lang/Object;)Ljava/lang/Object; (151 bytes) @ 0x00000000033ba17c [0x00000000033ba060+0x11c]
J 12232 C2 org.gradle.internal.service.DefaultServiceRegistry.get(Ljava/lang/reflect/Type;)Ljava/lang/Object; (44 bytes) @ 0x00000000052ce004 [0x00000000052cdaa0+0x564]
J 3797 C1 org.gradle.internal.service.DefaultServiceRegistry.get(Ljava/lang/Class;)Ljava/lang/Object; (10 bytes) @ 0x0000000003d075e4 [0x0000000003d074e0+0x104]
j  org.gradle.api.internal.artifacts.DefaultDependencyManagementServices$DefaultDependencyResolutionServices.getDependencyHandler()Lorg/gradle/api/artifacts/dsl/DependencyHandler;+6
j  org.gradle.api.internal.initialization.DefaultScriptHandler.getDependencies()Lorg/gradle/api/artifacts/dsl/DependencyHandler;+16
j  org.gradle.api.internal.initialization.DefaultScriptHandler.dependencies(Lgroovy/lang/Closure;)V+2
v  ~StubRoutines::call_stub
J 1707  sun.reflect.NativeMethodAccessorImpl.invoke0(Ljava/lang/reflect/Method;Ljava/lang/Object;[Ljava/lang/Object;)Ljava/lang/Object; (0 bytes) @ 0x000000000326a07f [0x000000000326a000+0x7f]
J 1706 C1 sun.reflect.NativeMethodAccessorImpl.invoke(Ljava/lang/Object;[Ljava/lang/Object;)Ljava/lang/Object; (104 bytes) @ 0x0000000003274b64 [0x00000000032739c0+0x11a4]
J 8166 C2 java.lang.reflect.Method.invoke(Ljava/lang/Object;[Ljava/lang/Object;)Ljava/lang/Object; (62 bytes) @ 0x000000000490f674 [0x000000000490f5c0+0xb4]
J 5180 C1 org.codehaus.groovy.reflection.CachedMethod.invoke(Ljava/lang/Object;[Ljava/lang/Object;)Ljava/lang/Object; (80 bytes) @ 0x000000000415968c [0x0000000004159320+0x36c]
J 6429 C1 groovy.lang.MetaMethod.doMethodInvoke(Ljava/lang/Object;[Ljava/lang/Object;)Ljava/lang/Object; (22 bytes) @ 0x00000000044cbd44 [0x00000000044cbb80+0x1c4]
j  org.gradle.internal.metaobject.BeanDynamicObject$MetaClassAdapter.invokeMethod(Ljava/lang/String;[Ljava/lang/Object;)Lorg/gradle/internal/metaobject/DynamicInvokeResult;+36
J 11136 C1 org.gradle.internal.metaobject.BeanDynamicObject.tryInvokeMethod(Ljava/lang/String;[Ljava/lang/Object;)Lorg/gradle/internal/metaobject/DynamicInvokeResult; (10 bytes) @ 0x0000000003bd84bc [0x0000000003bd83c0+0xfc]
j  org.gradle.internal.metaobject.ConfigureDelegate.invokeMethod(Ljava/lang/String;Ljava/lang/Object;)Ljava/lang/Object;+22
j  org.codehaus.groovy.runtime.metaclass.ClosureMetaClass.invokeOnDelegationObjects(ZLjava/lang/Object;ZLjava/lang/Object;Ljava/lang/String;[Ljava/lang/Object;)Ljava/lang/Object;+19
J 10995 C1 org.codehaus.groovy.runtime.metaclass.ClosureMetaClass.invokeMethod(Ljava/lang/Class;Ljava/lang/Object;Ljava/lang/String;[Ljava/lang/Object;ZZ)Ljava/lang/Object; (872 bytes) @ 0x0000000004ee467c [0x0000000004ee16a0+0x2fdc]
j  org.codehaus.groovy.runtime.callsite.PogoMetaClassSite.callCurrent(Lgroovy/lang/GroovyObject;[Ljava/lang/Object;)Ljava/lang/Object;+27
j  org.codehaus.groovy.runtime.callsite.AbstractCallSite.callCurrent(Lgroovy/lang/GroovyObject;Ljava/lang/Object;)Ljava/lang/Object;+33
j  build_8ramv471rl21ngjhqa1bl9l53$_run_closure1.doCall(Ljava/lang/Object;)Ljava/lang/Object;+44
v  ~StubRoutines::call_stub
J 1707  sun.reflect.NativeMethodAccessorImpl.invoke0(Ljava/lang/reflect/Method;Ljava/lang/Object;[Ljava/lang/Object;)Ljava/lang/Object; (0 bytes) @ 0x000000000326a07f [0x000000000326a000+0x7f]
J 1706 C1 sun.reflect.NativeMethodAccessorImpl.invoke(Ljava/lang/Object;[Ljava/lang/Object;)Ljava/lang/Object; (104 bytes) @ 0x0000000003274b64 [0x00000000032739c0+0x11a4]
J 8166 C2 java.lang.reflect.Method.invoke(Ljava/lang/Object;[Ljava/lang/Object;)Ljava/lang/Object; (62 bytes) @ 0x000000000490f674 [0x000000000490f5c0+0xb4]
J 5180 C1 org.codehaus.groovy.reflection.CachedMethod.invoke(Ljava/lang/Object;[Ljava/lang/Object;)Ljava/lang/Object; (80 bytes) @ 0x000000000415968c [0x0000000004159320+0x36c]
J 6429 C1 groovy.lang.MetaMethod.doMethodInvoke(Ljava/lang/Object;[Ljava/lang/Object;)Ljava/lang/Object; (22 bytes) @ 0x00000000044cbd44 [0x00000000044cbb80+0x1c4]
J 10995 C1 org.codehaus.groovy.runtime.metaclass.ClosureMetaClass.invokeMethod(Ljava/lang/Class;Ljava/lang/Object;Ljava/lang/String;[Ljava/lang/Object;ZZ)Ljava/lang/Object; (872 bytes) @ 0x0000000004ee547c [0x0000000004ee16a0+0x3ddc]
J 6659 C1 groovy.lang.MetaClassImpl.invokeMethod(Ljava/lang/Object;Ljava/lang/String;[Ljava/lang/Object;)Ljava/lang/Object; (14 bytes) @ 0x0000000004574f54 [0x0000000004574ec0+0x94]
j  groovy.lang.Closure.call([Ljava/lang/Object;)Ljava/lang/Object;+8
j  groovy.lang.Closure.call(Ljava/lang/Object;)Ljava/lang/Object;+9
j  org.gradle.util.ClosureBackedAction.execute(Ljava/lang/Object;)V+80
j  org.gradle.util.ConfigureUtil.configureTarget(Lgroovy/lang/Closure;Ljava/lang/Object;Lorg/gradle/internal/metaobject/ConfigureDelegate;)V+44
j  org.gradle.util.ConfigureUtil.configure(Lgroovy/lang/Closure;Ljava/lang/Object;)Ljava/lang/Object;+38
j  org.gradle.api.internal.project.DefaultProject.buildscript(Lgroovy/lang/Closure;)V+5
j  org.gradle.api.internal.project.ProjectScript.buildscript(Lgroovy/lang/Closure;)V+5
j  org.gradle.api.Script$buildscript$0.callCurrent(Lgroovy/lang/GroovyObject;Ljava/lang/Object;)Ljava/lang/Object;+17
j  build_8ramv471rl21ngjhqa1bl9l53.run()Ljava/lang/Object;+18
j  org.gradle.groovy.scripts.internal.DefaultScriptRunnerFactory$ScriptRunnerImpl.run(Ljava/lang/Object;Lorg/gradle/internal/service/ServiceRegistry;)V+57
j  org.gradle.configuration.DefaultScriptPluginFactory$ScriptPluginImpl.apply(Ljava/lang/Object;)V+408
j  org.gradle.configuration.BuildOperationScriptPlugin$1$1.run(Lorg/gradle/internal/operations/BuildOperationContext;)V+17
J 13348 C2 org.gradle.internal.operations.DefaultBuildOperationExecutor$1.execute(Lorg/gradle/internal/operations/BuildOperationDescriptor;Lorg/gradle/internal/operations/DefaultBuildOperationExecutor$DefaultBuildOperationContext;Lorg/gradle/internal/operations/DefaultBuildOperationExecutor$BuildOperationExecutionListener;)Lorg/gradle/internal/operations/BuildOperation; (82 bytes) @ 0x0000000005677f98 [0x0000000005677520+0xa78]
J 13088 C1 org.gradle.internal.operations.DefaultBuildOperationExecutor.execute(Lorg/gradle/internal/operations/BuildOperationDescriptor$Builder;Lorg/gradle/internal/operations/DefaultBuildOperationExecutor$BuildOperationState;Lorg/gradle/internal/operations/DefaultBuildOperationExecutor$BuildOperationExecution;)Lorg/gradle/internal/operations/BuildOperation; (111 bytes) @ 0x00000000055ad8ec [0x00000000055ac980+0xf6c]
J 5236 C1 org.gradle.internal.operations.DefaultBuildOperationExecutor.run(Lorg/gradle/internal/operations/RunnableBuildOperation;)V (28 bytes) @ 0x000000000418163c [0x0000000004181040+0x5fc]
J 6482 C1 org.gradle.internal.operations.DelegatingBuildOperationExecutor.run(Lorg/gradle/internal/operations/RunnableBuildOperation;)V (11 bytes) @ 0x00000000044f076c [0x00000000044f0700+0x6c]
j  org.gradle.configuration.BuildOperationScriptPlugin$1.execute(Lorg/gradle/configuration/internal/UserCodeApplicationId;)V+16
j  org.gradle.configuration.BuildOperationScriptPlugin$1.execute(Ljava/lang/Object;)V+5
j  org.gradle.configuration.internal.DefaultUserCodeApplicationContext.apply(Lorg/gradle/api/Action;)V+19
j  org.gradle.configuration.BuildOperationScriptPlugin.apply(Ljava/lang/Object;)V+54
j  org.gradle.configuration.project.BuildScriptProcessor$1.run()V+8
j  org.gradle.internal.Factories$1.create()Ljava/lang/Object;+4
j  org.gradle.api.internal.project.DefaultProjectStateRegistry$ProjectStateImpl.withMutableState(Lorg/gradle/internal/Factory;)Ljava/lang/Object;+59
j  org.gradle.api.internal.project.DefaultProjectStateRegistry$ProjectStateImpl.withMutableState(Ljava/lang/Runnable;)V+5
j  org.gradle.configuration.project.BuildScriptProcessor.execute(Lorg/gradle/api/internal/project/ProjectInternal;)V+88
j  org.gradle.configuration.project.BuildScriptProcessor.execute(Ljava/lang/Object;)V+5
j  org.gradle.configuration.project.ConfigureActionsProjectEvaluator.evaluate(Lorg/gradle/api/internal/project/ProjectInternal;Lorg/gradle/api/internal/project/ProjectStateInternal;)V+33
j  org.gradle.configuration.project.LifecycleProjectEvaluator$EvaluateProject$1.run()V+94
j  org.gradle.internal.Factories$1.create()Ljava/lang/Object;+4
J 9962 C1 org.gradle.internal.work.DefaultWorkerLeaseService.withLocks(Ljava/lang/Iterable;Lorg/gradle/internal/Factory;)Ljava/lang/Object; (51 bytes) @ 0x0000000004cc26d4 [0x0000000004cc22e0+0x3f4]
j  org.gradle.internal.work.StopShieldingWorkerLeaseService.withLocks(Ljava/lang/Iterable;Lorg/gradle/internal/Factory;)Ljava/lang/Object;+6
j  org.gradle.api.internal.project.DefaultProjectStateRegistry$ProjectStateImpl.withProjectLock(Lorg/gradle/internal/resources/ResourceLock;Lorg/gradle/internal/Factory;)Ljava/lang/Object;+12
j  org.gradle.api.internal.project.DefaultProjectStateRegistry$ProjectStateImpl.withMutableState(Lorg/gradle/internal/Factory;)Ljava/lang/Object;+134
j  org.gradle.api.internal.project.DefaultProjectStateRegistry$ProjectStateImpl.withMutableState(Ljava/lang/Runnable;)V+5
j  org.gradle.configuration.project.LifecycleProjectEvaluator$EvaluateProject.run(Lorg/gradle/internal/operations/BuildOperationContext;)V+18
J 13348 C2 org.gradle.internal.operations.DefaultBuildOperationExecutor$1.execute(Lorg/gradle/internal/operations/BuildOperationDescriptor;Lorg/gradle/internal/operations/DefaultBuildOperationExecutor$DefaultBuildOperationContext;Lorg/gradle/internal/operations/DefaultBuildOperationExecutor$BuildOperationExecutionListener;)Lorg/gradle/internal/operations/BuildOperation; (82 bytes) @ 0x0000000005677f98 [0x0000000005677520+0xa78]
J 13088 C1 org.gradle.internal.operations.DefaultBuildOperationExecutor.execute(Lorg/gradle/internal/operations/BuildOperationDescriptor$Builder;Lorg/gradle/internal/operations/DefaultBuildOperationExecutor$BuildOperationState;Lorg/gradle/internal/operations/DefaultBuildOperationExecutor$BuildOperationExecution;)Lorg/gradle/internal/operations/BuildOperation; (111 bytes) @ 0x00000000055ad8ec [0x00000000055ac980+0xf6c]
J 5236 C1 org.gradle.internal.operations.DefaultBuildOperationExecutor.run(Lorg/gradle/internal/operations/RunnableBuildOperation;)V (28 bytes) @ 0x000000000418163c [0x0000000004181040+0x5fc]
J 6482 C1 org.gradle.internal.operations.DelegatingBuildOperationExecutor.run(Lorg/gradle/internal/operations/RunnableBuildOperation;)V (11 bytes) @ 0x00000000044f076c [0x00000000044f0700+0x6c]
j  org.gradle.configuration.project.LifecycleProjectEvaluator.evaluate(Lorg/gradle/api/internal/project/ProjectInternal;Lorg/gradle/api/internal/project/ProjectStateInternal;)V+22
j  org.gradle.api.internal.project.DefaultProject.evaluate()Lorg/gradle/api/internal/project/DefaultProject;+9
j  org.gradle.api.internal.project.DefaultProject.evaluate()Lorg/gradle/api/Project;+1
j  org.gradle.execution.TaskPathProjectEvaluator.configure(Lorg/gradle/api/internal/project/ProjectInternal;)V+21
j  org.gradle.execution.TaskPathProjectEvaluator.configureHierarchy(Lorg/gradle/api/internal/project/ProjectInternal;)V+2
j  org.gradle.configuration.DefaultProjectsPreparer.prepareProjects(Lorg/gradle/api/internal/GradleInternal;)V+79
j  org.gradle.configuration.BuildOperatingFiringProjectsPreparer$ConfigureBuild.run(Lorg/gradle/internal/operations/BuildOperationContext;)V+11
J 13348 C2 org.gradle.internal.operations.DefaultBuildOperationExecutor$1.execute(Lorg/gradle/internal/operations/BuildOperationDescriptor;Lorg/gradle/internal/operations/DefaultBuildOperationExecutor$DefaultBuildOperationContext;Lorg/gradle/internal/operations/DefaultBuildOperationExecutor$BuildOperationExecutionListener;)Lorg/gradle/internal/operations/BuildOperation; (82 bytes) @ 0x0000000005677f98 [0x0000000005677520+0xa78]
J 13088 C1 org.gradle.internal.operations.DefaultBuildOperationExecutor.execute(Lorg/gradle/internal/operations/BuildOperationDescriptor$Builder;Lorg/gradle/internal/operations/DefaultBuildOperationExecutor$BuildOperationState;Lorg/gradle/internal/operations/DefaultBuildOperationExecutor$BuildOperationExecution;)Lorg/gradle/internal/operations/BuildOperation; (111 bytes) @ 0x00000000055ad8ec [0x00000000055ac980+0xf6c]
J 5236 C1 org.gradle.internal.operations.DefaultBuildOperationExecutor.run(Lorg/gradle/internal/operations/RunnableBuildOperation;)V (28 bytes) @ 0x000000000418163c [0x0000000004181040+0x5fc]
J 6482 C1 org.gradle.internal.operations.DelegatingBuildOperationExecutor.run(Lorg/gradle/internal/operations/RunnableBuildOperation;)V (11 bytes) @ 0x00000000044f076c [0x00000000044f0700+0x6c]
j  org.gradle.configuration.BuildOperatingFiringProjectsPreparer.prepareProjects(Lorg/gradle/api/internal/GradleInternal;)V+13
j  org.gradle.initialization.DefaultGradleLauncher.prepareProjects()V+40
j  org.gradle.initialization.DefaultGradleLauncher.doClassicBuildStages(Lorg/gradle/initialization/DefaultGradleLauncher$Stage;)V+29
j  org.gradle.initialization.DefaultGradleLauncher.doBuildStages(Lorg/gradle/initialization/DefaultGradleLauncher$Stage;)V+45
j  org.gradle.initialization.DefaultGradleLauncher.executeTasks()Lorg/gradle/api/internal/GradleInternal;+4
j  org.gradle.internal.invocation.GradleBuildController$1.execute(Lorg/gradle/initialization/GradleLauncher;)V+1
j  org.gradle.internal.invocation.GradleBuildController$1.execute(Ljava/lang/Object;)V+5
j  org.gradle.internal.invocation.GradleBuildController$3.create()Lorg/gradle/api/internal/GradleInternal;+31
j  org.gradle.internal.invocation.GradleBuildController$3.create()Ljava/lang/Object;+1
J 9962 C1 org.gradle.internal.work.DefaultWorkerLeaseService.withLocks(Ljava/lang/Iterable;Lorg/gradle/internal/Factory;)Ljava/lang/Object; (51 bytes) @ 0x0000000004cc26d4 [0x0000000004cc22e0+0x3f4]
j  org.gradle.internal.work.StopShieldingWorkerLeaseService.withLocks(Ljava/lang/Iterable;Lorg/gradle/internal/Factory;)Ljava/lang/Object;+6
j  org.gradle.internal.invocation.GradleBuildController.doBuild(Lorg/gradle/api/internal/GradleInternal$BuildType;Lorg/gradle/api/Action;)Lorg/gradle/api/internal/GradleInternal;+26
j  org.gradle.internal.invocation.GradleBuildController.run()Lorg/gradle/api/internal/GradleInternal;+12
j  org.gradle.tooling.internal.provider.runner.ClientProvidedBuildActionRunner.run(Lorg/gradle/internal/invocation/BuildAction;Lorg/gradle/internal/invocation/BuildController;)Lorg/gradle/internal/invocation/BuildActionRunner$Result;+89
j  org.gradle.launcher.exec.ChainingBuildActionRunner.run(Lorg/gradle/internal/invocation/BuildAction;Lorg/gradle/internal/invocation/BuildController;)Lorg/gradle/internal/invocation/BuildActionRunner$Result;+34
j  org.gradle.launcher.exec.ChainingBuildActionRunner.run(Lorg/gradle/internal/invocation/BuildAction;Lorg/gradle/internal/invocation/BuildController;)Lorg/gradle/internal/invocation/BuildActionRunner$Result;+34
j  org.gradle.launcher.exec.BuildOutcomeReportingBuildActionRunner.run(Lorg/gradle/internal/invocation/BuildAction;Lorg/gradle/internal/invocation/BuildController;)Lorg/gradle/internal/invocation/BuildActionRunner$Result;+143
j  org.gradle.tooling.internal.provider.ValidatingBuildActionRunner.run(Lorg/gradle/internal/invocation/BuildAction;Lorg/gradle/internal/invocation/BuildController;)Lorg/gradle/internal/invocation/BuildActionRunner$Result;+6
j  org.gradle.launcher.exec.BuildCompletionNotifyingBuildActionRunner.run(Lorg/gradle/internal/invocation/BuildAction;Lorg/gradle/internal/invocation/BuildController;)Lorg/gradle/internal/invocation/BuildActionRunner$Result;+28
j  org.gradle.launcher.exec.RunAsBuildOperationBuildActionRunner$3.call(Lorg/gradle/internal/operations/BuildOperationContext;)Lorg/gradle/internal/invocation/BuildActionRunner$Result;+95
j  org.gradle.launcher.exec.RunAsBuildOperationBuildActionRunner$3.call(Lorg/gradle/internal/operations/BuildOperationContext;)Ljava/lang/Object;+2
J 13348 C2 org.gradle.internal.operations.DefaultBuildOperationExecutor$1.execute(Lorg/gradle/internal/operations/BuildOperationDescriptor;Lorg/gradle/internal/operations/DefaultBuildOperationExecutor$DefaultBuildOperationContext;Lorg/gradle/internal/operations/DefaultBuildOperationExecutor$BuildOperationExecutionListener;)Lorg/gradle/internal/operations/BuildOperation; (82 bytes) @ 0x0000000005677f2c [0x0000000005677520+0xa0c]
J 16535 C2 org.gradle.internal.operations.DefaultBuildOperationExecutor.call(Lorg/gradle/internal/operations/CallableBuildOperation;)Ljava/lang/Object; (38 bytes) @ 0x0000000005f09508 [0x0000000005f08d80+0x788]
J 5294 C1 org.gradle.internal.operations.DelegatingBuildOperationExecutor.call(Lorg/gradle/internal/operations/CallableBuildOperation;)Ljava/lang/Object; (11 bytes) @ 0x00000000041ac6c4 [0x00000000041ac5c0+0x104]
j  org.gradle.launcher.exec.RunAsBuildOperationBuildActionRunner.run(Lorg/gradle/internal/invocation/BuildAction;Lorg/gradle/internal/invocation/BuildController;)Lorg/gradle/internal/invocation/BuildActionRunner$Result;+33
j  org.gradle.launcher.exec.InProcessBuildActionExecuter$1.transform(Lorg/gradle/internal/invocation/BuildController;)Lorg/gradle/launcher/exec/BuildActionResult;+12
j  org.gradle.launcher.exec.InProcessBuildActionExecuter$1.transform(Ljava/lang/Object;)Ljava/lang/Object;+5
j  org.gradle.composite.internal.DefaultRootBuildState.run(Lorg/gradle/api/Transformer;)Ljava/lang/Object;+43
j  org.gradle.launcher.exec.InProcessBuildActionExecuter.execute(Lorg/gradle/internal/invocation/BuildAction;Lorg/gradle/initialization/BuildRequestContext;Lorg/gradle/launcher/exec/BuildActionParameters;Lorg/gradle/internal/service/ServiceRegistry;)Lorg/gradle/launcher/exec/BuildActionResult;+82
j  org.gradle.launcher.exec.InProcessBuildActionExecuter.execute(Lorg/gradle/internal/invocation/BuildAction;Lorg/gradle/initialization/BuildRequestContext;Ljava/lang/Object;Lorg/gradle/internal/service/ServiceRegistry;)Lorg/gradle/launcher/exec/BuildActionResult;+9
j  org.gradle.launcher.exec.BuildTreeScopeBuildActionExecuter.execute(Lorg/gradle/internal/invocation/BuildAction;Lorg/gradle/initialization/BuildRequestContext;Lorg/gradle/launcher/exec/BuildActionParameters;Lorg/gradle/internal/service/ServiceRegistry;)Lorg/gradle/launcher/exec/BuildActionResult;+38
j  org.gradle.launcher.exec.BuildTreeScopeBuildActionExecuter.execute(Lorg/gradle/internal/invocation/BuildAction;Lorg/gradle/initialization/BuildRequestContext;Ljava/lang/Object;Lorg/gradle/internal/service/ServiceRegistry;)Lorg/gradle/launcher/exec/BuildActionResult;+9
j  org.gradle.tooling.internal.provider.ContinuousBuildActionExecuter.execute(Lorg/gradle/internal/invocation/BuildAction;Lorg/gradle/initialization/BuildRequestContext;Lorg/gradle/launcher/exec/BuildActionParameters;Lorg/gradle/internal/service/ServiceRegistry;)Lorg/gradle/launcher/exec/BuildActionResult;+58
j  org.gradle.tooling.internal.provider.ContinuousBuildActionExecuter.execute(Lorg/gradle/internal/invocation/BuildAction;Lorg/gradle/initialization/BuildRequestContext;Ljava/lang/Object;Lorg/gradle/internal/service/ServiceRegistry;)Lorg/gradle/launcher/exec/BuildActionResult;+9
j  org.gradle.tooling.internal.provider.SubscribableBuildActionExecuter.execute(Lorg/gradle/internal/invocation/BuildAction;Lorg/gradle/initialization/BuildRequestContext;Lorg/gradle/launcher/exec/BuildActionParameters;Lorg/gradle/internal/service/ServiceRegistry;)Lorg/gradle/launcher/exec/BuildActionResult;+41
j  org.gradle.tooling.internal.provider.SubscribableBuildActionExecuter.execute(Lorg/gradle/internal/invocation/BuildAction;Lorg/gradle/initialization/BuildRequestContext;Ljava/lang/Object;Lorg/gradle/internal/service/ServiceRegistry;)Lorg/gradle/launcher/exec/BuildActionResult;+9
j  org.gradle.tooling.internal.provider.SessionScopeBuildActionExecuter.execute(Lorg/gradle/internal/invocation/BuildAction;Lorg/gradle/initialization/BuildRequestContext;Lorg/gradle/launcher/exec/BuildActionParameters;Lorg/gradle/internal/service/ServiceRegistry;)Lorg/gradle/launcher/exec/BuildActionResult;+117
j  org.gradle.tooling.internal.provider.SessionScopeBuildActionExecuter.execute(Lorg/gradle/internal/invocation/BuildAction;Lorg/gradle/initialization/BuildRequestContext;Ljava/lang/Object;Lorg/gradle/internal/service/ServiceRegistry;)Lorg/gradle/launcher/exec/BuildActionResult;+9
j  org.gradle.tooling.internal.provider.GradleThreadBuildActionExecuter.execute(Lorg/gradle/internal/invocation/BuildAction;Lorg/gradle/initialization/BuildRequestContext;Lorg/gradle/launcher/exec/BuildActionParameters;Lorg/gradle/internal/service/ServiceRegistry;)Lorg/gradle/launcher/exec/BuildActionResult;+12
j  org.gradle.tooling.internal.provider.GradleThreadBuildActionExecuter.execute(Lorg/gradle/internal/invocation/BuildAction;Lorg/gradle/initialization/BuildRequestContext;Ljava/lang/Object;Lorg/gradle/internal/service/ServiceRegistry;)Lorg/gradle/launcher/exec/BuildActionResult;+9
j  org.gradle.tooling.internal.provider.ParallelismConfigurationBuildActionExecuter.execute(Lorg/gradle/internal/invocation/BuildAction;Lorg/gradle/initialization/BuildRequestContext;Lorg/gradle/launcher/exec/BuildActionParameters;Lorg/gradle/internal/service/ServiceRegistry;)Lorg/gradle/launcher/exec/BuildActionResult;+43
j  org.gradle.tooling.internal.provider.ParallelismConfigurationBuildActionExecuter.execute(Lorg/gradle/internal/invocation/BuildAction;Lorg/gradle/initialization/BuildRequestContext;Ljava/lang/Object;Lorg/gradle/internal/service/ServiceRegistry;)Lorg/gradle/launcher/exec/BuildActionResult;+9
j  org.gradle.tooling.internal.provider.StartParamsValidatingActionExecuter.execute(Lorg/gradle/internal/invocation/BuildAction;Lorg/gradle/initialization/BuildRequestContext;Lorg/gradle/launcher/exec/BuildActionParameters;Lorg/gradle/internal/service/ServiceRegistry;)Lorg/gradle/launcher/exec/BuildActionResult;+177
j  org.gradle.tooling.internal.provider.StartParamsValidatingActionExecuter.execute(Lorg/gradle/internal/invocation/BuildAction;Lorg/gradle/initialization/BuildRequestContext;Ljava/lang/Object;Lorg/gradle/internal/service/ServiceRegistry;)Lorg/gradle/launcher/exec/BuildActionResult;+9
j  org.gradle.tooling.internal.provider.SessionFailureReportingActionExecuter.execute(Lorg/gradle/internal/invocation/BuildAction;Lorg/gradle/initialization/BuildRequestContext;Lorg/gradle/launcher/exec/BuildActionParameters;Lorg/gradle/internal/service/ServiceRegistry;)Lorg/gradle/launcher/exec/BuildActionResult;+9
j  org.gradle.tooling.internal.provider.SessionFailureReportingActionExecuter.execute(Lorg/gradle/internal/invocation/BuildAction;Lorg/gradle/initialization/BuildRequestContext;Ljava/lang/Object;Lorg/gradle/internal/service/ServiceRegistry;)Lorg/gradle/launcher/exec/BuildActionResult;+9
j  org.gradle.tooling.internal.provider.SetupLoggingActionExecuter.execute(Lorg/gradle/internal/invocation/BuildAction;Lorg/gradle/initialization/BuildRequestContext;Lorg/gradle/launcher/exec/BuildActionParameters;Lorg/gradle/internal/service/ServiceRegistry;)Lorg/gradle/launcher/exec/BuildActionResult;+52
j  org.gradle.tooling.internal.provider.SetupLoggingActionExecuter.execute(Lorg/gradle/internal/invocation/BuildAction;Lorg/gradle/initialization/BuildRequestContext;Ljava/lang/Object;Lorg/gradle/internal/service/ServiceRegistry;)Lorg/gradle/launcher/exec/BuildActionResult;+9
j  org.gradle.launcher.daemon.server.exec.ExecuteBuild.doBuild(Lorg/gradle/launcher/daemon/server/api/DaemonCommandExecution;Lorg/gradle/launcher/daemon/protocol/Build;)V+118
j  org.gradle.launcher.daemon.server.exec.BuildCommandOnly.execute(Lorg/gradle/launcher/daemon/server/api/DaemonCommandExecution;)V+49
j  org.gradle.launcher.daemon.server.api.DaemonCommandExecution.proceed()Z+23
j  org.gradle.launcher.daemon.server.exec.WatchForDisconnection.execute(Lorg/gradle/launcher/daemon/server/api/DaemonCommandExecution;)V+19
j  org.gradle.launcher.daemon.server.api.DaemonCommandExecution.proceed()Z+23
j  org.gradle.launcher.daemon.server.exec.ResetDeprecationLogger.execute(Lorg/gradle/launcher/daemon/server/api/DaemonCommandExecution;)V+4
j  org.gradle.launcher.daemon.server.api.DaemonCommandExecution.proceed()Z+23
j  org.gradle.launcher.daemon.server.exec.RequestStopIfSingleUsedDaemon.execute(Lorg/gradle/launcher/daemon/server/api/DaemonCommandExecution;)V+33
j  org.gradle.launcher.daemon.server.api.DaemonCommandExecution.proceed()Z+23
j  org.gradle.launcher.daemon.server.exec.ForwardClientInput$2.create()Ljava/lang/Void;+4
j  org.gradle.launcher.daemon.server.exec.ForwardClientInput$2.create()Ljava/lang/Object;+1
j  org.gradle.util.Swapper.swap(Ljava/lang/Object;Lorg/gradle/internal/Factory;)Ljava/lang/Object;+21
j  org.gradle.launcher.daemon.server.exec.ForwardClientInput.execute(Lorg/gradle/launcher/daemon/server/api/DaemonCommandExecution;)V+63
j  org.gradle.launcher.daemon.server.api.DaemonCommandExecution.proceed()Z+23
j  org.gradle.launcher.daemon.server.exec.LogAndCheckHealth.execute(Lorg/gradle/launcher/daemon/server/api/DaemonCommandExecution;)V+28
j  org.gradle.launcher.daemon.server.api.DaemonCommandExecution.proceed()Z+23
j  org.gradle.launcher.daemon.server.exec.LogToClient.doBuild(Lorg/gradle/launcher/daemon/server/api/DaemonCommandExecution;Lorg/gradle/launcher/daemon/protocol/Build;)V+87
j  org.gradle.launcher.daemon.server.exec.BuildCommandOnly.execute(Lorg/gradle/launcher/daemon/server/api/DaemonCommandExecution;)V+49
j  org.gradle.launcher.daemon.server.api.DaemonCommandExecution.proceed()Z+23
j  org.gradle.launcher.daemon.server.exec.EstablishBuildEnvironment.doBuild(Lorg/gradle/launcher/daemon/server/api/DaemonCommandExecution;Lorg/gradle/launcher/daemon/protocol/Build;)V+351
j  org.gradle.launcher.daemon.server.exec.BuildCommandOnly.execute(Lorg/gradle/launcher/daemon/server/api/DaemonCommandExecution;)V+49
j  org.gradle.launcher.daemon.server.api.DaemonCommandExecution.proceed()Z+23
j  org.gradle.launcher.daemon.server.exec.StartBuildOrRespondWithBusy$1.run()V+44
j  org.gradle.launcher.daemon.server.DaemonStateCoordinator$1.run()V+4
J 19802 C2 org.gradle.internal.concurrent.ManagedExecutorImpl$1.run()V (59 bytes) @ 0x00000000060e7758 [0x00000000060e7620+0x138]
j  java.util.concurrent.ThreadPoolExecutor.runWorker(Ljava/util/concurrent/ThreadPoolExecutor$Worker;)V+95
j  java.util.concurrent.ThreadPoolExecutor$Worker.run()V+5
j  org.gradle.internal.concurrent.ThreadFactoryImpl$ManagedThreadRunnable.run()V+7
j  java.lang.Thread.run()V+11
v  ~StubRoutines::call_stub

---------------  P R O C E S S  ---------------

Java Threads: ( => current thread )
  0x000000002161b800 JavaThread "Cache worker for cache directory md-rule (C:\Users\Skh\.gradle\caches\6.1.1\md-rule)" [_thread_blocked, id=12688, stack(0x00000000201f0000,0x00000000202f0000)]
  0x000000002161a800 JavaThread "Cache worker for cache directory md-supplier (C:\Users\Skh\.gradle\caches\6.1.1\md-supplier)" [_thread_blocked, id=6368, stack(0x000000001fcf0000,0x000000001fdf0000)]
  0x0000000021618800 JavaThread "Cache worker for file hash cache (C:\Users\Skh\Downloads\Compressed\ClientApp\ClientApp\.gradle\6.1.1\fileHashes)" [_thread_blocked, id=13144, stack(0x000000001fbf0000,0x000000001fcf0000)]
  0x0000000021619000 JavaThread "Cache worker for checksums cache (C:\Users\Skh\Downloads\Compressed\ClientApp\ClientApp\.gradle\checksums)" [_thread_blocked, id=12232, stack(0x000000001e1b0000,0x000000001e2b0000)]
  0x000000002161a000 JavaThread "Thread-62" [_thread_blocked, id=10152, stack(0x000000001e0b0000,0x000000001e1b0000)]
  0x000000002161e800 JavaThread "Stdin handler" [_thread_blocked, id=4216, stack(0x000000001dbb0000,0x000000001dcb0000)]
  0x000000002161d800 JavaThread "Asynchronous log dispatcher for DefaultDaemonConnection: socket connection from /127.0.0.1:54125 to /127.0.0.1:56343" [_thread_blocked, id=9180, stack(0x000000001c2e0000,0x000000001c3e0000)]
=>0x000000002161d000 JavaThread "Daemon worker Thread 3" [_thread_in_vm, id=12376, stack(0x000000001bfe0000,0x000000001c0e0000)]
  0x0000000021611000 JavaThread "Cancel handler" [_thread_blocked, id=14004, stack(0x000000001bee0000,0x000000001bfe0000)]
  0x0000000021614800 JavaThread "Handler for socket connection from /127.0.0.1:54125 to /127.0.0.1:56343" [_thread_in_native, id=7572, stack(0x000000001bbe0000,0x000000001bce0000)]
  0x0000000021612800 JavaThread "Daemon Thread 3" [_thread_blocked, id=1776, stack(0x000000001bae0000,0x000000001bbe0000)]
  0x0000000021614000 JavaThread "Cache worker for Java compile cache (C:\Users\Skh\.gradle\caches\6.1.1\javaCompile)" [_thread_blocked, id=12032, stack(0x000000001dab0000,0x000000001dbb0000)]
  0x000000001f532000 JavaThread "Cache worker for file content cache (C:\Users\Skh\.gradle\caches\6.1.1\fileContent)" [_thread_blocked, id=12648, stack(0x00000000225d0000,0x00000000226d0000)]
  0x000000001f530800 JavaThread "Memory manager" [_thread_blocked, id=5292, stack(0x0000000024310000,0x0000000024410000)]
  0x0000000019d51000 JavaThread "Cache worker for execution history cache (C:\Users\Skh\.gradle\caches\6.1.1\executionHistory)" [_thread_blocked, id=4312, stack(0x000000001e2b0000,0x000000001e3b0000)]
  0x0000000019d4c800 JavaThread "Cache worker for file hash cache (C:\Users\Skh\.gradle\caches\6.1.1\fileHashes)" [_thread_blocked, id=13048, stack(0x000000001c7e0000,0x000000001c8e0000)]
  0x0000000019d4e000 JavaThread "File lock request listener" [_thread_in_native, id=11592, stack(0x000000001c6e0000,0x000000001c7e0000)]
  0x0000000019d62800 JavaThread "Cache worker for journal cache (C:\Users\Skh\.gradle\caches\journal-1)" [_thread_blocked, id=992, stack(0x000000001c5e0000,0x000000001c6e0000)]
  0x000000001a42c800 JavaThread "Daemon periodic checks" [_thread_blocked, id=14232, stack(0x000000001b9e0000,0x000000001bae0000)]
  0x000000001a47e000 JavaThread "Incoming local TCP Connector on port 54125" [_thread_in_native, id=6472, stack(0x000000001b7a0000,0x000000001b8a0000)]
  0x00000000189e2000 JavaThread "Daemon health stats" [_thread_blocked, id=1384, stack(0x000000001b160000,0x000000001b260000)]
  0x0000000016abc800 JavaThread "Service Thread" daemon [_thread_blocked, id=12192, stack(0x00000000187c0000,0x00000000188c0000)]
  0x0000000016a71000 JavaThread "C1 CompilerThread2" daemon [_thread_blocked, id=13180, stack(0x00000000182c0000,0x00000000183c0000)]
  0x0000000016a6a800 JavaThread "C2 CompilerThread1" daemon [_thread_blocked, id=11368, stack(0x00000000181c0000,0x00000000182c0000)]
  0x0000000016a64800 JavaThread "C2 CompilerThread0" daemon [_thread_blocked, id=13196, stack(0x00000000180c0000,0x00000000181c0000)]
  0x0000000016a62800 JavaThread "Attach Listener" daemon [_thread_blocked, id=12100, stack(0x0000000017fc0000,0x00000000180c0000)]
  0x0000000016a61800 JavaThread "Signal Dispatcher" daemon [_thread_blocked, id=13260, stack(0x0000000017ec0000,0x0000000017fc0000)]
  0x00000000030eb000 JavaThread "Finalizer" daemon [_thread_blocked, id=8408, stack(0x0000000017cc0000,0x0000000017dc0000)]
  0x00000000030e1000 JavaThread "Reference Handler" daemon [_thread_blocked, id=6176, stack(0x0000000017bc0000,0x0000000017cc0000)]
  0x0000000002ff2800 JavaThread "main" [_thread_blocked, id=6836, stack(0x0000000002e80000,0x0000000002f80000)]

Other Threads:
  0x0000000016a26800 VMThread [stack: 0x0000000017ac0000,0x0000000017bc0000] [id=9652]
  0x0000000016abd000 WatcherThread [stack: 0x00000000188c0000,0x00000000189c0000] [id=10292]

VM state:synchronizing (normal execution)

VM Mutex/Monitor currently owned by a thread:  ([mutex/lock_event])
[0x00000000016bc280] Threads_lock - owner thread: 0x0000000016a26800

OutOfMemory and StackOverflow Exception counts:
StackOverflowErrors=230

heap address: 0x00000000a0000000, size: 1536 MB, Compressed Oops mode: 32-bit
Narrow klass base: 0x0000000000000000, Narrow klass shift: 3
Compressed class space size: 1073741824 Address: 0x0000000100000000

Heap:
 PSYoungGen      total 271360K, used 50058K [0x00000000e0000000, 0x00000000f6c00000, 0x0000000100000000)
  eden space 198144K, 18% used [0x00000000e0000000,0x00000000e23d1368,0x00000000ec180000)
  from space 73216K, 18% used [0x00000000ec180000,0x00000000ece91748,0x00000000f0900000)
  to   space 71680K, 0% used [0x00000000f2600000,0x00000000f2600000,0x00000000f6c00000)
 ParOldGen       total 243200K, used 93543K [0x00000000a0000000, 0x00000000aed80000, 0x00000000e0000000)
  object space 243200K, 38% used [0x00000000a0000000,0x00000000a5b59d70,0x00000000aed80000)
 Metaspace       used 102644K, capacity 107997K, committed 108328K, reserved 1142784K
  class space    used 13460K, capacity 14563K, committed 14640K, reserved 1048576K

Card table byte_map: [0x00000000124b0000,0x00000000127c0000] byte_map_base: 0x0000000011fb0000

Marking Bits: (ParMarkBitMap*) 0x00000000618bf030
 Begin Bits: [0x0000000012dc0000, 0x00000000145c0000)
 End Bits:   [0x00000000145c0000, 0x0000000015dc0000)

Polling page: 0x00000000014d0000

CodeCache: size=245760Kb used=54151Kb max_used=55442Kb free=191608Kb
 bounds [0x00000000030f0000, 0x0000000006780000, 0x00000000120f0000]
 total_blobs=16721 nmethods=15821 adapters=811
 compilation: enabled

Compilation events (10 events):
Event: 5783.104 Thread 0x0000000016a6a800 19945       4       org.gradle.internal.Pair::of (10 bytes)
Event: 5783.131 Thread 0x0000000016a6a800 nmethod 19945 0x000000000484b6d0 code [0x000000000484b820, 0x000000000484b8f8]
Event: 5784.966 Thread 0x0000000016a71000 19946       1       java.net.JarURLConnection::getEntryName (5 bytes)
Event: 5784.966 Thread 0x0000000016a71000 nmethod 19946 0x00000000061ab050 code [0x00000000061ab1a0, 0x00000000061ab2b0]
Event: 5786.253 Thread 0x0000000016a71000 19947       3       org.gradle.internal.classpath.DefaultClassPath::isEmpty (8 bytes)
Event: 5786.300 Thread 0x0000000016a71000 nmethod 19947 0x00000000064ac650 code [0x00000000064ac7c0, 0x00000000064aca70]
Event: 5786.323 Thread 0x0000000016a71000 19948       3       org.gradle.internal.service.DefaultServiceRegistry$SingletonService::bind (1 bytes)
Event: 5786.323 Thread 0x0000000016a71000 nmethod 19948 0x00000000064ea050 code [0x00000000064ea1a0, 0x00000000064ea2f0]
Event: 5786.633 Thread 0x0000000016a71000 19949       3       org.gradle.internal.event.DefaultListenerManager$EventBroadcast$ListenerDispatch::<init> (16 bytes)
Event: 5786.662 Thread 0x0000000016a71000 nmethod 19949 0x00000000064ebf50 code [0x00000000064ec0c0, 0x00000000064ec310]

GC Heap History (10 events):
Event: 1449.836 GC heap before
{Heap before GC invocations=35 (full 3):
 PSYoungGen      total 221696K, used 97896K [0x00000000e0000000, 0x00000000f3a00000, 0x0000000100000000)
  eden space 140800K, 43% used [0x00000000e0000000,0x00000000e3b3de78,0x00000000e8980000)
  from space 80896K, 46% used [0x00000000e8980000,0x00000000eaddc378,0x00000000ed880000)
  to   space 77312K, 0% used [0x00000000eee80000,0x00000000eee80000,0x00000000f3a00000)
 ParOldGen       total 154624K, used 97974K [0x00000000a0000000, 0x00000000a9700000, 0x00000000e0000000)
  object space 154624K, 63% used [0x00000000a0000000,0x00000000a5fad970,0x00000000a9700000)
 Metaspace       used 93990K, capacity 98517K, committed 98600K, reserved 1134592K
  class space    used 12272K, capacity 13232K, committed 13232K, reserved 1048576K
Event: 1449.926 GC heap after
Heap after GC invocations=35 (full 3):
 PSYoungGen      total 243200K, used 33057K [0x00000000e0000000, 0x00000000f3600000, 0x0000000100000000)
  eden space 169984K, 0% used [0x00000000e0000000,0x00000000e0000000,0x00000000ea600000)
  from space 73216K, 45% used [0x00000000eee80000,0x00000000f0ec8638,0x00000000f3600000)
  to   space 73728K, 0% used [0x00000000ea600000,0x00000000ea600000,0x00000000eee00000)
 ParOldGen       total 154624K, used 102150K [0x00000000a0000000, 0x00000000a9700000, 0x00000000e0000000)
  object space 154624K, 66% used [0x00000000a0000000,0x00000000a63c18b8,0x00000000a9700000)
 Metaspace       used 93990K, capacity 98517K, committed 98600K, reserved 1134592K
  class space    used 12272K, capacity 13232K, committed 13232K, reserved 1048576K
}
Event: 1449.926 GC heap before
{Heap before GC invocations=36 (full 4):
 PSYoungGen      total 243200K, used 33057K [0x00000000e0000000, 0x00000000f3600000, 0x0000000100000000)
  eden space 169984K, 0% used [0x00000000e0000000,0x00000000e0000000,0x00000000ea600000)
  from space 73216K, 45% used [0x00000000eee80000,0x00000000f0ec8638,0x00000000f3600000)
  to   space 73728K, 0% used [0x00000000ea600000,0x00000000ea600000,0x00000000eee00000)
 ParOldGen       total 154624K, used 102150K [0x00000000a0000000, 0x00000000a9700000, 0x00000000e0000000)
  object space 154624K, 66% used [0x00000000a0000000,0x00000000a63c18b8,0x00000000a9700000)
 Metaspace       used 93990K, capacity 98517K, committed 98600K, reserved 1134592K
  class space    used 12272K, capacity 13232K, committed 13232K, reserved 1048576K
Event: 1450.768 GC heap after
Heap after GC invocations=36 (full 4):
 PSYoungGen      total 243200K, used 0K [0x00000000e0000000, 0x00000000f3600000, 0x0000000100000000)
  eden space 169984K, 0% used [0x00000000e0000000,0x00000000e0000000,0x00000000ea600000)
  from space 73216K, 0% used [0x00000000eee80000,0x00000000eee80000,0x00000000f3600000)
  to   space 73728K, 0% used [0x00000000ea600000,0x00000000ea600000,0x00000000eee00000)
 ParOldGen       total 243200K, used 93519K [0x00000000a0000000, 0x00000000aed80000, 0x00000000e0000000)
  object space 243200K, 38% used [0x00000000a0000000,0x00000000a5b53d70,0x00000000aed80000)
 Metaspace       used 93666K, capacity 97999K, committed 98600K, reserved 1134592K
  class space    used 12227K, capacity 13153K, committed 13232K, reserved 1048576K
}
Event: 1454.161 GC heap before
{Heap before GC invocations=37 (full 4):
 PSYoungGen      total 243200K, used 169984K [0x00000000e0000000, 0x00000000f3600000, 0x0000000100000000)
  eden space 169984K, 100% used [0x00000000e0000000,0x00000000ea600000,0x00000000ea600000)
  from space 73216K, 0% used [0x00000000eee80000,0x00000000eee80000,0x00000000f3600000)
  to   space 73728K, 0% used [0x00000000ea600000,0x00000000ea600000,0x00000000eee00000)
 ParOldGen       total 243200K, used 93519K [0x00000000a0000000, 0x00000000aed80000, 0x00000000e0000000)
  object space 243200K, 38% used [0x00000000a0000000,0x00000000a5b53d70,0x00000000aed80000)
 Metaspace       used 95628K, capacity 100089K, committed 100264K, reserved 1136640K
  class space    used 12506K, capacity 13459K, committed 13488K, reserved 1048576K
Event: 1454.186 GC heap after
Heap after GC invocations=37 (full 4):
 PSYoungGen      total 243712K, used 10359K [0x00000000e0000000, 0x00000000f5300000, 0x0000000100000000)
  eden space 169984K, 0% used [0x00000000e0000000,0x00000000e0000000,0x00000000ea600000)
  from space 73728K, 14% used [0x00000000ea600000,0x00000000eb01ddc8,0x00000000eee00000)
  to   space 73728K, 0% used [0x00000000f0b00000,0x00000000f0b00000,0x00000000f5300000)
 ParOldGen       total 243200K, used 93527K [0x00000000a0000000, 0x00000000aed80000, 0x00000000e0000000)
  object space 243200K, 38% used [0x00000000a0000000,0x00000000a5b55d70,0x00000000aed80000)
 Metaspace       used 95628K, capacity 100089K, committed 100264K, reserved 1136640K
  class space    used 12506K, capacity 13459K, committed 13488K, reserved 1048576K
}
Event: 1458.558 GC heap before
{Heap before GC invocations=38 (full 4):
 PSYoungGen      total 243712K, used 180343K [0x00000000e0000000, 0x00000000f5300000, 0x0000000100000000)
  eden space 169984K, 100% used [0x00000000e0000000,0x00000000ea600000,0x00000000ea600000)
  from space 73728K, 14% used [0x00000000ea600000,0x00000000eb01ddc8,0x00000000eee00000)
  to   space 73728K, 0% used [0x00000000f0b00000,0x00000000f0b00000,0x00000000f5300000)
 ParOldGen       total 243200K, used 93527K [0x00000000a0000000, 0x00000000aed80000, 0x00000000e0000000)
  object space 243200K, 38% used [0x00000000a0000000,0x00000000a5b55d70,0x00000000aed80000)
 Metaspace       used 99090K, capacity 103883K, committed 104104K, reserved 1138688K
  class space    used 12938K, capacity 13944K, committed 14000K, reserved 1048576K
Event: 1458.609 GC heap after
Heap after GC invocations=38 (full 4):
 PSYoungGen      total 269312K, used 10132K [0x00000000e0000000, 0x00000000f5080000, 0x0000000100000000)
  eden space 198144K, 0% used [0x00000000e0000000,0x00000000e0000000,0x00000000ec180000)
  from space 71168K, 14% used [0x00000000f0b00000,0x00000000f14e50f8,0x00000000f5080000)
  to   space 73216K, 0% used [0x00000000ec180000,0x00000000ec180000,0x00000000f0900000)
 ParOldGen       total 243200K, used 93535K [0x00000000a0000000, 0x00000000aed80000, 0x00000000e0000000)
  object space 243200K, 38% used [0x00000000a0000000,0x00000000a5b57d70,0x00000000aed80000)
 Metaspace       used 99090K, capacity 103883K, committed 104104K, reserved 1138688K
  class space    used 12938K, capacity 13944K, committed 14000K, reserved 1048576K
}
Event: 3015.377 GC heap before
{Heap before GC invocations=39 (full 4):
 PSYoungGen      total 269312K, used 208276K [0x00000000e0000000, 0x00000000f5080000, 0x0000000100000000)
  eden space 198144K, 100% used [0x00000000e0000000,0x00000000ec180000,0x00000000ec180000)
  from space 71168K, 14% used [0x00000000f0b00000,0x00000000f14e50f8,0x00000000f5080000)
  to   space 73216K, 0% used [0x00000000ec180000,0x00000000ec180000,0x00000000f0900000)
 ParOldGen       total 243200K, used 93535K [0x00000000a0000000, 0x00000000aed80000, 0x00000000e0000000)
  object space 243200K, 38% used [0x00000000a0000000,0x00000000a5b57d70,0x00000000aed80000)
 Metaspace       used 102563K, capacity 107877K, committed 108072K, reserved 1142784K
  class space    used 13449K, capacity 14543K, committed 14640K, reserved 1048576K
Event: 3033.211 GC heap after
Heap after GC invocations=39 (full 4):
 PSYoungGen      total 271360K, used 13381K [0x00000000e0000000, 0x00000000f6c00000, 0x0000000100000000)
  eden space 198144K, 0% used [0x00000000e0000000,0x00000000e0000000,0x00000000ec180000)
  from space 73216K, 18% used [0x00000000ec180000,0x00000000ece91748,0x00000000f0900000)
  to   space 71680K, 0% used [0x00000000f2600000,0x00000000f2600000,0x00000000f6c00000)
 ParOldGen       total 243200K, used 93543K [0x00000000a0000000, 0x00000000aed80000, 0x00000000e0000000)
  object space 243200K, 38% used [0x00000000a0000000,0x00000000a5b59d70,0x00000000aed80000)
 Metaspace       used 102563K, capacity 107877K, committed 108072K, reserved 1142784K
  class space    used 13449K, capacity 14543K, committed 14640K, reserved 1048576K
}

Deoptimization events (10 events):
Event: 5761.392 Thread 0x0000000021614800 Uncommon trap: reason=class_check action=maybe_recompile pc=0x000000000404cb60 method=java.lang.reflect.Array.newInstance(Ljava/lang/Class;I)Ljava/lang/Object; @ 2
Event: 5761.470 Thread 0x0000000021614800 Uncommon trap: reason=predicate action=maybe_recompile pc=0x00000000055f8018 method=java.io.ObjectInputStream$BlockDataInputStream.readFully([BIIZ)V @ 4
Event: 5766.502 Thread 0x000000002161d000 Uncommon trap: reason=unstable_if action=reinterpret pc=0x00000000061e1630 method=java.util.Formatter$FormatSpecifier.precision(Ljava/lang/String;)I @ 6
Event: 5766.539 Thread 0x000000002161d000 Uncommon trap: reason=unstable_if action=reinterpret pc=0x000000000643319c method=java.util.Formatter$FormatSpecifier.precision(Ljava/lang/String;)I @ 6
Event: 5766.730 Thread 0x000000002161d000 Uncommon trap: reason=unstable_if action=reinterpret pc=0x0000000005f2eb50 method=org.gradle.workers.internal.WorkerDaemonClientsManager$LogLevelChangeEventListener.onOutput(Lorg/gradle/internal/logging/events/OutputEvent;)V @ 4
Event: 5775.972 Thread 0x000000002161d000 Uncommon trap: reason=array_check action=maybe_recompile pc=0x0000000005305b7c method=com.google.common.collect.ImmutableSet.construct(I[Ljava/lang/Object;)Lcom/google/common/collect/ImmutableSet; @ 122
Event: 5776.466 Thread 0x000000002161d000 Uncommon trap: reason=array_check action=maybe_recompile pc=0x0000000005305b7c method=com.google.common.collect.ImmutableSet.construct(I[Ljava/lang/Object;)Lcom/google/common/collect/ImmutableSet; @ 122
Event: 5776.847 Thread 0x000000002161d000 Uncommon trap: reason=array_check action=maybe_recompile pc=0x0000000005305b7c method=com.google.common.collect.ImmutableSet.construct(I[Ljava/lang/Object;)Lcom/google/common/collect/ImmutableSet; @ 122
Event: 5777.382 Thread 0x000000002161d000 Uncommon trap: reason=array_check action=maybe_recompile pc=0x0000000005305b7c method=com.google.common.collect.ImmutableSet.construct(I[Ljava/lang/Object;)Lcom/google/common/collect/ImmutableSet; @ 122
Event: 5783.138 Thread 0x000000002161d000 Uncommon trap: reason=predicate action=maybe_recompile pc=0x0000000003f90c48 method=com.google.common.collect.ImmutableSortedSet.construct(Ljava/util/Comparator;I[Ljava/lang/Object;)Lcom/google/common/collect/ImmutableSortedSet; @ 33

Classes redefined (0 events):
No events

Internal exceptions (10 events):
Event: 1470.793 Thread 0x000000002161a000 Implicit null exception at 0x0000000003a799af to 0x0000000003a79a9d
Event: 1470.793 Thread 0x000000002161b800 Implicit null exception at 0x0000000003a799af to 0x0000000003a79a9d
Event: 1471.443 Thread 0x0000000021619000 Exception <a 'sun/nio/fs/WindowsException'> (0x00000000e9487250) thrown at [C:\src\AOSP-openjdk-git\hotspot\src\share\vm\prims\jni.cpp, line 710]
Event: 1471.973 Thread 0x000000001f534000 Exception <a 'java/lang/NoSuchMethodError': <clinit>> (0x00000000e95bb988) thrown at [C:\src\AOSP-openjdk-git\hotspot\src\share\vm\prims\jni.cpp, line 1615]
Event: 1471.973 Thread 0x000000001f534000 Exception <a 'java/lang/NoSuchMethodError': <clinit>> (0x00000000e95c0210) thrown at [C:\src\AOSP-openjdk-git\hotspot\src\share\vm\prims\jni.cpp, line 1615]
Event: 1472.405 Thread 0x00000000213b2800 Exception <a 'java/lang/NoSuchMethodError': java.lang.Object.lambda$asRunnable$0(Lcom/android/tools/build/apkzlib/utils/IOExceptionRunnable;)V> (0x00000000e96e9068) thrown at [C:\src\AOSP-openjdk-git\hotspot\src\share\vm\interpreter\linkResolver.cpp, line
Event: 1473.523 Thread 0x00000000213b2800 Exception <a 'java/lang/NoSuchMethodError': java.lang.Object.newSystemTemporaryDirectory()Lcom/android/tools/build/apkzlib/bytestorage/TemporaryDirectory;> (0x00000000e9800f98) thrown at [C:\src\AOSP-openjdk-git\hotspot\src\share\vm\interpreter\linkResolv
Event: 1475.412 Thread 0x00000000213b2800 Exception <a 'java/lang/NoSuchMethodError': java.lang.Object.lambda$static$0(Lcom/android/apksig/util/RunnablesProvider;)V> (0x00000000e9a5e538) thrown at [C:\src\AOSP-openjdk-git\hotspot\src\share\vm\interpreter\linkResolver.cpp, line 620]
Event: 1479.418 Thread 0x00000000193ea000 Exception <a 'sun/nio/fs/WindowsException'> (0x00000000eac5bcd0) thrown at [C:\src\AOSP-openjdk-git\hotspot\src\share\vm\prims\jni.cpp, line 710]
Event: 1479.497 Thread 0x00000000193ea000 Exception <a 'sun/nio/fs/WindowsException'> (0x00000000eac5d508) thrown at [C:\src\AOSP-openjdk-git\hotspot\src\share\vm\prims\jni.cpp, line 710]

Events (10 events):
Event: 5776.847 Thread 0x000000002161d000 DEOPT PACKING pc=0x0000000005305b7c sp=0x000000001c0dc8a0
Event: 5776.847 Thread 0x000000002161d000 DEOPT UNPACKING pc=0x000000000313557b sp=0x000000001c0dc840 mode 2
Event: 5777.382 Thread 0x000000002161d000 Uncommon trap: trap_request=0xffffffd6 fr.pc=0x0000000005305b7c
Event: 5777.382 Thread 0x000000002161d000 DEOPT PACKING pc=0x0000000005305b7c sp=0x000000001c0dca80
Event: 5777.382 Thread 0x000000002161d000 DEOPT UNPACKING pc=0x000000000313557b sp=0x000000001c0dca20 mode 2
Event: 5780.072 Thread 0x000000002161a800 Thread added: 0x000000002161a800
Event: 5780.580 Thread 0x000000002161b800 Thread added: 0x000000002161b800
Event: 5783.115 Thread 0x000000002161d000 Uncommon trap: trap_request=0xffffff86 fr.pc=0x0000000003f90c48
Event: 5783.138 Thread 0x000000002161d000 DEOPT PACKING pc=0x0000000003f90c48 sp=0x000000001c0dc2d0
Event: 5783.144 Thread 0x000000002161d000 DEOPT UNPACKING pc=0x000000000313557b sp=0x000000001c0dc2a8 mode 2


Dynamic libraries:
0x00007ff70db80000 - 0x00007ff70dbb1000 	F:\android\studio\jre\bin\java.exe
0x00007ff891780000 - 0x00007ff891970000 	C:\WINDOWS\SYSTEM32\ntdll.dll
0x00007ff87e6f0000 - 0x00007ff87e702000 	C:\Program Files\Avast Software\Avast\aswhook.dll
0x00007ff890250000 - 0x00007ff890302000 	C:\WINDOWS\System32\KERNEL32.DLL
0x00007ff88f580000 - 0x00007ff88f825000 	C:\WINDOWS\System32\KERNELBASE.dll
0x00007ff8910e0000 - 0x00007ff891183000 	C:\WINDOWS\System32\ADVAPI32.dll
0x00007ff8904c0000 - 0x00007ff89055e000 	C:\WINDOWS\System32\msvcrt.dll
0x00007ff891020000 - 0x00007ff8910b7000 	C:\WINDOWS\System32\sechost.dll
0x00007ff88faa0000 - 0x00007ff88fbc0000 	C:\WINDOWS\System32\RPCRT4.dll
0x00007ff890560000 - 0x00007ff8906f4000 	C:\WINDOWS\System32\USER32.dll
0x00007ff88e710000 - 0x00007ff88e731000 	C:\WINDOWS\System32\win32u.dll
0x00007ff890320000 - 0x00007ff890346000 	C:\WINDOWS\System32\GDI32.dll
0x00007ff88e810000 - 0x00007ff88e9a6000 	C:\WINDOWS\System32\gdi32full.dll
0x00007ff88f4e0000 - 0x00007ff88f57e000 	C:\WINDOWS\System32\msvcp_win.dll
0x00007ff88f1c0000 - 0x00007ff88f2ba000 	C:\WINDOWS\System32\ucrtbase.dll
0x00007ff8727e0000 - 0x00007ff872a64000 	C:\WINDOWS\WinSxS\amd64_microsoft.windows.common-controls_6595b64144ccf1df_6.0.18362.1139_none_9e7bf2d3e4605ac6\COMCTL32.dll
0x00007ff88ff10000 - 0x00007ff890245000 	C:\WINDOWS\System32\combase.dll
0x00007ff88e790000 - 0x00007ff88e810000 	C:\WINDOWS\System32\bcryptPrimitives.dll
0x00007ff88fd10000 - 0x00007ff88fd3e000 	C:\WINDOWS\System32\IMM32.DLL
0x0000000062a50000 - 0x0000000062b22000 	F:\android\studio\jre\jre\bin\msvcr100.dll
0x00000000610f0000 - 0x000000006193b000 	F:\android\studio\jre\jre\bin\server\jvm.dll
0x00007ff8904b0000 - 0x00007ff8904b8000 	C:\WINDOWS\System32\PSAPI.DLL
0x00007ff880310000 - 0x00007ff880319000 	C:\WINDOWS\SYSTEM32\WSOCK32.dll
0x00007ff8916d0000 - 0x00007ff89173f000 	C:\WINDOWS\System32\WS2_32.dll
0x00007ff88c130000 - 0x00007ff88c154000 	C:\WINDOWS\SYSTEM32\WINMM.dll
0x00007ff883ee0000 - 0x00007ff883eea000 	C:\WINDOWS\SYSTEM32\VERSION.dll
0x00007ff88c100000 - 0x00007ff88c12d000 	C:\WINDOWS\SYSTEM32\WINMMBASE.dll
0x00007ff88e740000 - 0x00007ff88e78a000 	C:\WINDOWS\System32\cfgmgr32.dll
0x00007ff87cf40000 - 0x00007ff87cf4f000 	F:\android\studio\jre\jre\bin\verify.dll
0x00007ff868ca0000 - 0x00007ff868cc9000 	F:\android\studio\jre\jre\bin\java.dll
0x00007ff873fb0000 - 0x00007ff873fc6000 	F:\android\studio\jre\jre\bin\zip.dll
0x00007ff890700000 - 0x00007ff890de7000 	C:\WINDOWS\System32\SHELL32.dll
0x00007ff88fe60000 - 0x00007ff88ff09000 	C:\WINDOWS\System32\shcore.dll
0x00007ff88e9b0000 - 0x00007ff88f130000 	C:\WINDOWS\System32\windows.storage.dll
0x00007ff88e6e0000 - 0x00007ff88e703000 	C:\WINDOWS\System32\profapi.dll
0x00007ff88e670000 - 0x00007ff88e6ba000 	C:\WINDOWS\System32\powrprof.dll
0x00007ff88e640000 - 0x00007ff88e650000 	C:\WINDOWS\System32\UMPDC.dll
0x00007ff88fe00000 - 0x00007ff88fe52000 	C:\WINDOWS\System32\shlwapi.dll
0x00007ff88e650000 - 0x00007ff88e661000 	C:\WINDOWS\System32\kernel.appcore.dll
0x00007ff88f410000 - 0x00007ff88f427000 	C:\WINDOWS\System32\cryptsp.dll
0x00007ff8881e0000 - 0x00007ff8881fa000 	F:\android\studio\jre\jre\bin\net.dll
0x00007ff88de30000 - 0x00007ff88de97000 	C:\WINDOWS\system32\mswsock.dll
0x00007ff8881c0000 - 0x00007ff8881d3000 	F:\android\studio\jre\jre\bin\nio.dll
0x00007ff889640000 - 0x00007ff889666000 	C:\Users\Skh\.gradle\native\31\windows-amd64\native-platform.dll
0x00007ff8888f0000 - 0x00007ff8888fd000 	F:\android\studio\jre\jre\bin\management.dll
0x00007ff88d9a0000 - 0x00007ff88d9d3000 	C:\WINDOWS\system32\rsaenh.dll
0x00007ff88f190000 - 0x00007ff88f1b6000 	C:\WINDOWS\System32\bcrypt.dll
0x00007ff88e560000 - 0x00007ff88e585000 	C:\WINDOWS\SYSTEM32\USERENV.dll
0x00007ff88e000000 - 0x00007ff88e00c000 	C:\WINDOWS\SYSTEM32\CRYPTBASE.dll
0x00007ff88db40000 - 0x00007ff88db7a000 	C:\WINDOWS\SYSTEM32\IPHLPAPI.DLL
0x00007ff88fd40000 - 0x00007ff88fd48000 	C:\WINDOWS\System32\NSI.dll
0x00007ff8861b0000 - 0x00007ff8861c6000 	C:\WINDOWS\SYSTEM32\dhcpcsvc6.DLL
0x00007ff886320000 - 0x00007ff88633c000 	C:\WINDOWS\SYSTEM32\dhcpcsvc.DLL
0x00007ff88db80000 - 0x00007ff88dc4b000 	C:\WINDOWS\SYSTEM32\DNSAPI.dll
0x00007ff88d680000 - 0x00007ff88d6b1000 	C:\WINDOWS\SYSTEM32\ntmarta.dll
0x00007ff883be0000 - 0x00007ff883dd4000 	C:\WINDOWS\SYSTEM32\dbghelp.dll

VM Arguments:
jvm_args: -Xmx1536m -Dfile.encoding=windows-1252 -Duser.country=US -Duser.language=en -Duser.variant 
java_command: org.gradle.launcher.daemon.bootstrap.GradleDaemon 6.1.1
java_class_path (initial): C:\Users\Skh\.gradle\wrapper\dists\gradle-6.1.1-all\cfmwm155h49vnt3hynmlrsdst\gradle-6.1.1\lib\gradle-launcher-6.1.1.jar
Launcher Type: SUN_STANDARD

Environment Variables:
PATH=C:\WINDOWS\system32;C:\WINDOWS;C:\WINDOWS\System32\Wbem;C:\WINDOWS\System32\WindowsPowerShell\v1.0\;C:\WINDOWS\System32\OpenSSH\;C:\Program Files\Git\cmd;C:\Program Files\Java\jdk-13.0.2\bin;F:\src\flutter\bin;F:\google-cloud-sdk-308.0.0-windows-x86_64\google-cloud-sdk\bin;C:\Users\Skh\AppData\Local\Microsoft\WindowsApps;
USERNAME=Skh
OS=Windows_NT
PROCESSOR_IDENTIFIER=Intel64 Family 6 Model 69 Stepping 1, GenuineIntel



---------------  S Y S T E M  ---------------

OS: Windows 10.0 , 64 bit Build 18362 (10.0.18362.1110)

CPU:total 4 (initial active 4) (2 cores per cpu, 2 threads per core) family 6 model 69 stepping 1, cmov, cx8, fxsr, mmx, sse, sse2, sse3, ssse3, sse4.1, sse4.2, popcnt, avx, avx2, aes, clmul, erms, lzcnt, ht, tsc, tscinvbit, bmi1, bmi2

Memory: 4k page, physical 8266712k(484904k free), swap 14558168k(2355076k free)

vm_info: OpenJDK 64-Bit Server VM (25.242-b01) for windows-amd64 JRE (1.8.0_242-release-1644-b01), built by "builder" with MS VC++ 10.0 (VS2010)

time: Sat Oct 17 21:26:51 2020
timezone: Myanmar Standard Time
elapsed time: 5788 seconds (0d 1h 36m 28s)

